Start testing: Apr 07 15:02 CEST
----------------------------------------------------------
1/2 Testing: clitkImageInfoTest
1/2 Test: clitkImageInfoTest
Command: "/home/romulo/creatis/clitk3/build/bin/clitkImageInfoTest"
Directory: /home/romulo/creatis/clitk3/build/tests
"clitkImageInfoTest" start time: Apr 07 15:02 CEST
Output:
----------------------------------------------------------
Executing clitkImageInfo data/4d/mhd/00.mhd > clitkImageInfoTest.out
Validating output against data/tools/clitkImageInfoTestValidate3D.out
PASSED
Executing clitkImageInfo data/4d/mhd/bh.mhd > clitkImageInfoTest.out
Validating output against data/tools/clitkImageInfoTestValidate4D.out
PASSED
<end of output>
Test time =   0.11 sec
----------------------------------------------------------
Test Passed.
"clitkImageInfoTest" end time: Apr 07 15:02 CEST
"clitkImageInfoTest" time elapsed: 00:00:00
----------------------------------------------------------

2/2 Testing: clitkWriteDicomSeriesTest
2/2 Test: clitkWriteDicomSeriesTest
Command: "/home/romulo/creatis/clitk3/build/bin/clitkWriteDicomSeriesTest"
Directory: /home/romulo/creatis/clitk3/build/tests
"clitkWriteDicomSeriesTest" start time: Apr 07 15:02 CEST
Output:
----------------------------------------------------------
Executing clitkWriteDicomSeries -i data/3d/mhd/CT_UNTAGGED2MM_0.mhd -d data/3d/dcm/1.2.840.113704.1.111.5556.1240990904.26 -o dcm --verbose
Image was detected to be 3D and short...
Launching filter in 3D and signed short...
90 were read in the directory data/3d/dcm/1.2.840.113704.1.111.5556.1240990904.26...

filename # 0 = data/3d/dcm/1.2.840.113704.1.111.5556.1240990904.26/1.2.840.113704.1.111.2200.1240991038.1182.dcm
filename # 1 = data/3d/dcm/1.2.840.113704.1.111.5556.1240990904.26/1.2.840.113704.1.111.2200.1240991038.1181.dcm
filename # 2 = data/3d/dcm/1.2.840.113704.1.111.5556.1240990904.26/1.2.840.113704.1.111.2200.1240991038.1180.dcm
filename # 3 = data/3d/dcm/1.2.840.113704.1.111.5556.1240990904.26/1.2.840.113704.1.111.2200.1240991038.1179.dcm
filename # 4 = data/3d/dcm/1.2.840.113704.1.111.5556.1240990904.26/1.2.840.113704.1.111.2200.1240991038.1178.dcm
filename # 5 = data/3d/dcm/1.2.840.113704.1.111.5556.1240990904.26/1.2.840.113704.1.111.2200.1240991038.1177.dcm
filename # 6 = data/3d/dcm/1.2.840.113704.1.111.5556.1240990904.26/1.2.840.113704.1.111.2200.1240991036.1176.dcm
filename # 7 = data/3d/dcm/1.2.840.113704.1.111.5556.1240990904.26/1.2.840.113704.1.111.2200.1240991036.1175.dcm
filename # 8 = data/3d/dcm/1.2.840.113704.1.111.5556.1240990904.26/1.2.840.113704.1.111.2200.1240991036.1174.dcm
filename # 9 = data/3d/dcm/1.2.840.113704.1.111.5556.1240990904.26/1.2.840.113704.1.111.2200.1240991036.1173.dcm
filename # 10 = data/3d/dcm/1.2.840.113704.1.111.5556.1240990904.26/1.2.840.113704.1.111.2200.1240991036.1172.dcm
filename # 11 = data/3d/dcm/1.2.840.113704.1.111.5556.1240990904.26/1.2.840.113704.1.111.2200.1240991035.1171.dcm
filename # 12 = data/3d/dcm/1.2.840.113704.1.111.5556.1240990904.26/1.2.840.113704.1.111.2200.1240991035.1170.dcm
filename # 13 = data/3d/dcm/1.2.840.113704.1.111.5556.1240990904.26/1.2.840.113704.1.111.2200.1240991035.1169.dcm
filename # 14 = data/3d/dcm/1.2.840.113704.1.111.5556.1240990904.26/1.2.840.113704.1.111.2200.1240991035.1168.dcm
filename # 15 = data/3d/dcm/1.2.840.113704.1.111.5556.1240990904.26/1.2.840.113704.1.111.2200.1240991033.1167.dcm
filename # 16 = data/3d/dcm/1.2.840.113704.1.111.5556.1240990904.26/1.2.840.113704.1.111.2200.1240991031.1166.dcm
filename # 17 = data/3d/dcm/1.2.840.113704.1.111.5556.1240990904.26/1.2.840.113704.1.111.2200.1240991031.1165.dcm
filename # 18 = data/3d/dcm/1.2.840.113704.1.111.5556.1240990904.26/1.2.840.113704.1.111.2200.1240991031.1164.dcm
filename # 19 = data/3d/dcm/1.2.840.113704.1.111.5556.1240990904.26/1.2.840.113704.1.111.2200.1240991031.1163.dcm
filename # 20 = data/3d/dcm/1.2.840.113704.1.111.5556.1240990904.26/1.2.840.113704.1.111.2200.1240991031.1162.dcm
filename # 21 = data/3d/dcm/1.2.840.113704.1.111.5556.1240990904.26/1.2.840.113704.1.111.2200.1240991028.1161.dcm
filename # 22 = data/3d/dcm/1.2.840.113704.1.111.5556.1240990904.26/1.2.840.113704.1.111.2200.1240991028.1160.dcm
filename # 23 = data/3d/dcm/1.2.840.113704.1.111.5556.1240990904.26/1.2.840.113704.1.111.2200.1240991028.1159.dcm
filename # 24 = data/3d/dcm/1.2.840.113704.1.111.5556.1240990904.26/1.2.840.113704.1.111.2200.1240991028.1158.dcm
filename # 25 = data/3d/dcm/1.2.840.113704.1.111.5556.1240990904.26/1.2.840.113704.1.111.2200.1240991027.1157.dcm
filename # 26 = data/3d/dcm/1.2.840.113704.1.111.5556.1240990904.26/1.2.840.113704.1.111.2200.1240991025.1156.dcm
filename # 27 = data/3d/dcm/1.2.840.113704.1.111.5556.1240990904.26/1.2.840.113704.1.111.2200.1240991025.1155.dcm
filename # 28 = data/3d/dcm/1.2.840.113704.1.111.5556.1240990904.26/1.2.840.113704.1.111.2200.1240991025.1154.dcm
filename # 29 = data/3d/dcm/1.2.840.113704.1.111.5556.1240990904.26/1.2.840.113704.1.111.2200.1240991025.1153.dcm
filename # 30 = data/3d/dcm/1.2.840.113704.1.111.5556.1240990904.26/1.2.840.113704.1.111.2200.1240991025.1152.dcm
filename # 31 = data/3d/dcm/1.2.840.113704.1.111.5556.1240990904.26/1.2.840.113704.1.111.2200.1240991022.1151.dcm
filename # 32 = data/3d/dcm/1.2.840.113704.1.111.5556.1240990904.26/1.2.840.113704.1.111.2200.1240991020.1150.dcm
filename # 33 = data/3d/dcm/1.2.840.113704.1.111.5556.1240990904.26/1.2.840.113704.1.111.2200.1240991020.1149.dcm
filename # 34 = data/3d/dcm/1.2.840.113704.1.111.5556.1240990904.26/1.2.840.113704.1.111.2200.1240991020.1148.dcm
filename # 35 = data/3d/dcm/1.2.840.113704.1.111.5556.1240990904.26/1.2.840.113704.1.111.2200.1240991020.1147.dcm
filename # 36 = data/3d/dcm/1.2.840.113704.1.111.5556.1240990904.26/1.2.840.113704.1.111.2200.1240991020.1146.dcm
filename # 37 = data/3d/dcm/1.2.840.113704.1.111.5556.1240990904.26/1.2.840.113704.1.111.2200.1240991018.1145.dcm
filename # 38 = data/3d/dcm/1.2.840.113704.1.111.5556.1240990904.26/1.2.840.113704.1.111.2200.1240991016.1144.dcm
filename # 39 = data/3d/dcm/1.2.840.113704.1.111.5556.1240990904.26/1.2.840.113704.1.111.2200.1240991016.1143.dcm
filename # 40 = data/3d/dcm/1.2.840.113704.1.111.5556.1240990904.26/1.2.840.113704.1.111.2200.1240991016.1142.dcm
filename # 41 = data/3d/dcm/1.2.840.113704.1.111.5556.1240990904.26/1.2.840.113704.1.111.2200.1240991015.1141.dcm
filename # 42 = data/3d/dcm/1.2.840.113704.1.111.5556.1240990904.26/1.2.840.113704.1.111.2200.1240991015.1140.dcm
filename # 43 = data/3d/dcm/1.2.840.113704.1.111.5556.1240990904.26/1.2.840.113704.1.111.2200.1240991014.1139.dcm
filename # 44 = data/3d/dcm/1.2.840.113704.1.111.5556.1240990904.26/1.2.840.113704.1.111.2200.1240991012.1138.dcm
filename # 45 = data/3d/dcm/1.2.840.113704.1.111.5556.1240990904.26/1.2.840.113704.1.111.2200.1240991012.1137.dcm
filename # 46 = data/3d/dcm/1.2.840.113704.1.111.5556.1240990904.26/1.2.840.113704.1.111.2200.1240991012.1136.dcm
filename # 47 = data/3d/dcm/1.2.840.113704.1.111.5556.1240990904.26/1.2.840.113704.1.111.2200.1240991012.1135.dcm
filename # 48 = data/3d/dcm/1.2.840.113704.1.111.5556.1240990904.26/1.2.840.113704.1.111.2200.1240991011.1134.dcm
filename # 49 = data/3d/dcm/1.2.840.113704.1.111.5556.1240990904.26/1.2.840.113704.1.111.2200.1240991009.1133.dcm
filename # 50 = data/3d/dcm/1.2.840.113704.1.111.5556.1240990904.26/1.2.840.113704.1.111.2200.1240991008.1132.dcm
filename # 51 = data/3d/dcm/1.2.840.113704.1.111.5556.1240990904.26/1.2.840.113704.1.111.2200.1240991008.1131.dcm
filename # 52 = data/3d/dcm/1.2.840.113704.1.111.5556.1240990904.26/1.2.840.113704.1.111.2200.1240991008.1130.dcm
filename # 53 = data/3d/dcm/1.2.840.113704.1.111.5556.1240990904.26/1.2.840.113704.1.111.2200.1240991008.1129.dcm
filename # 54 = data/3d/dcm/1.2.840.113704.1.111.5556.1240990904.26/1.2.840.113704.1.111.2200.1240991006.1128.dcm
filename # 55 = data/3d/dcm/1.2.840.113704.1.111.5556.1240990904.26/1.2.840.113704.1.111.2200.1240991006.1127.dcm
filename # 56 = data/3d/dcm/1.2.840.113704.1.111.5556.1240990904.26/1.2.840.113704.1.111.2200.1240991006.1126.dcm
filename # 57 = data/3d/dcm/1.2.840.113704.1.111.5556.1240990904.26/1.2.840.113704.1.111.2200.1240991006.1125.dcm
filename # 58 = data/3d/dcm/1.2.840.113704.1.111.5556.1240990904.26/1.2.840.113704.1.111.2200.1240991006.1124.dcm
filename # 59 = data/3d/dcm/1.2.840.113704.1.111.5556.1240990904.26/1.2.840.113704.1.111.2200.1240991004.1123.dcm
filename # 60 = data/3d/dcm/1.2.840.113704.1.111.5556.1240990904.26/1.2.840.113704.1.111.2200.1240991003.1122.dcm
filename # 61 = data/3d/dcm/1.2.840.113704.1.111.5556.1240990904.26/1.2.840.113704.1.111.2200.1240991003.1121.dcm
filename # 62 = data/3d/dcm/1.2.840.113704.1.111.5556.1240990904.26/1.2.840.113704.1.111.2200.1240991003.1120.dcm
filename # 63 = data/3d/dcm/1.2.840.113704.1.111.5556.1240990904.26/1.2.840.113704.1.111.2200.1240991003.1119.dcm
filename # 64 = data/3d/dcm/1.2.840.113704.1.111.5556.1240990904.26/1.2.840.113704.1.111.2200.1240991001.1118.dcm
filename # 65 = data/3d/dcm/1.2.840.113704.1.111.5556.1240990904.26/1.2.840.113704.1.111.2200.1240990999.1117.dcm
filename # 66 = data/3d/dcm/1.2.840.113704.1.111.5556.1240990904.26/1.2.840.113704.1.111.2200.1240990999.1116.dcm
filename # 67 = data/3d/dcm/1.2.840.113704.1.111.5556.1240990904.26/1.2.840.113704.1.111.2200.1240990999.1115.dcm
filename # 68 = data/3d/dcm/1.2.840.113704.1.111.5556.1240990904.26/1.2.840.113704.1.111.2200.1240990999.1114.dcm
filename # 69 = data/3d/dcm/1.2.840.113704.1.111.5556.1240990904.26/1.2.840.113704.1.111.2200.1240990996.1113.dcm
filename # 70 = data/3d/dcm/1.2.840.113704.1.111.5556.1240990904.26/1.2.840.113704.1.111.2200.1240990994.1112.dcm
filename # 71 = data/3d/dcm/1.2.840.113704.1.111.5556.1240990904.26/1.2.840.113704.1.111.2200.1240990991.1111.dcm
filename # 72 = data/3d/dcm/1.2.840.113704.1.111.5556.1240990904.26/1.2.840.113704.1.111.2200.1240990987.1110.dcm
filename # 73 = data/3d/dcm/1.2.840.113704.1.111.5556.1240990904.26/1.2.840.113704.1.111.2200.1240990987.1109.dcm
filename # 74 = data/3d/dcm/1.2.840.113704.1.111.5556.1240990904.26/1.2.840.113704.1.111.2200.1240990987.1108.dcm
filename # 75 = data/3d/dcm/1.2.840.113704.1.111.5556.1240990904.26/1.2.840.113704.1.111.2200.1240990987.1107.dcm
filename # 76 = data/3d/dcm/1.2.840.113704.1.111.5556.1240990904.26/1.2.840.113704.1.111.2200.1240990986.1106.dcm
filename # 77 = data/3d/dcm/1.2.840.113704.1.111.5556.1240990904.26/1.2.840.113704.1.111.2200.1240990984.1105.dcm
filename # 78 = data/3d/dcm/1.2.840.113704.1.111.5556.1240990904.26/1.2.840.113704.1.111.2200.1240990981.1104.dcm
filename # 79 = data/3d/dcm/1.2.840.113704.1.111.5556.1240990904.26/1.2.840.113704.1.111.2200.1240990978.1103.dcm
filename # 80 = data/3d/dcm/1.2.840.113704.1.111.5556.1240990904.26/1.2.840.113704.1.111.2200.1240990976.1102.dcm
filename # 81 = data/3d/dcm/1.2.840.113704.1.111.5556.1240990904.26/1.2.840.113704.1.111.2200.1240990975.1101.dcm
filename # 82 = data/3d/dcm/1.2.840.113704.1.111.5556.1240990904.26/1.2.840.113704.1.111.2200.1240990975.1100.dcm
filename # 83 = data/3d/dcm/1.2.840.113704.1.111.5556.1240990904.26/1.2.840.113704.1.111.2200.1240990974.1099.dcm
filename # 84 = data/3d/dcm/1.2.840.113704.1.111.5556.1240990904.26/1.2.840.113704.1.111.2200.1240990973.1098.dcm
filename # 85 = data/3d/dcm/1.2.840.113704.1.111.5556.1240990904.26/1.2.840.113704.1.111.2200.1240990973.1097.dcm
filename # 86 = data/3d/dcm/1.2.840.113704.1.111.5556.1240990904.26/1.2.840.113704.1.111.2200.1240990973.1096.dcm
filename # 87 = data/3d/dcm/1.2.840.113704.1.111.5556.1240990904.26/1.2.840.113704.1.111.2200.1240990972.1095.dcm
filename # 88 = data/3d/dcm/1.2.840.113704.1.111.5556.1240990904.26/1.2.840.113704.1.111.2200.1240990970.1094.dcm
filename # 89 = data/3d/dcm/1.2.840.113704.1.111.5556.1240990904.26/1.2.840.113704.1.111.2200.1240990968.1093.dcm
Warning: The image spacing differs between the MHD file and the input dicom series. Performing resampling with default options using spacing as reference (for advanced options, use clitkResampleImage).
MHD -> [1.17188, 1.17188, 2]
dicom -> [1.17188, 1.17188, 3]
Output Spacing = [1.17188, 1.17188, 3]
Output Size    = [512, 512, 89]
Gaussian       = 0
Interpol       = NearestNeighbor
Threads        = 8
LastDimIsTime  = 0
Warning: The number of files in data/3d/dcm/1.2.840.113704.1.111.5556.1240990904.26 (90 files) is greater than the number of slices in MHD (89 slices). Using only 89 files.
PASSED
<end of output>
Test time =   1.72 sec
----------------------------------------------------------
Test Passed.
"clitkWriteDicomSeriesTest" end time: Apr 07 15:02 CEST
"clitkWriteDicomSeriesTest" time elapsed: 00:00:01
----------------------------------------------------------

End testing: Apr 07 15:02 CEST
